<?xml version="1.0" encoding="UTF-8"?>
<!-- Generated by org.testng.reporters.JUnitReportReporter -->
<testsuite skipped="0" hostname="mypc" name="qaclickacademy.Seleniumtest" tests="2" failures="0" timestamp="2020-05-03T11:24:36 IST" time="0.018" errors="0">
  <testcase name="ElemetUI" time="0.002" classname="qaclickacademy.Seleniumtest"/>
  <system-out/>
  <testcase name="BrowserAutomation" time="0.016" classname="qaclickacademy.Seleniumtest"/>
  <system-out/>
</testsuite> <!-- qaclickacademy.Seleniumtest -->
