<?xml version="1.0" encoding="UTF-8"?>
<!-- Generated by org.testng.reporters.JUnitReportReporter -->
<testsuite skipped="0" hostname="mypc" name="qaclickacademy.AppiumTest" tests="1" failures="0" timestamp="2020-05-04T11:11:55 IST" time="0.015" errors="0">
  <testcase name="IosApp" time="0.015" classname="qaclickacademy.AppiumTest"/>
  <system-out/>
</testsuite> <!-- qaclickacademy.AppiumTest -->
