<?xml version="1.0" encoding="UTF-8"?>
<!-- Generated by org.testng.reporters.JUnitReportReporter -->
<testsuite skipped="0" hostname="mypc" name="qaclickacademy.SeleniumTest" tests="2" failures="0" timestamp="2020-05-04T11:22:39 IST" time="0.008" errors="0">
  <testcase name="ElemetUI" time="0.000" classname="qaclickacademy.SeleniumTest"/>
  <system-out/>
  <testcase name="BrowserAutomation" time="0.008" classname="qaclickacademy.SeleniumTest"/>
  <system-out/>
</testsuite> <!-- qaclickacademy.SeleniumTest -->
